{"/home/travis/build/npmtest/node-npmtest-sails-generate-auth/test.js":{"path":"/home/travis/build/npmtest/node-npmtest-sails-generate-auth/test.js","s":{"1":2,"2":2,"3":2,"4":2,"5":2,"6":2,"7":2,"8":1,"9":2,"10":2,"11":1,"12":1,"13":1,"14":1,"15":2,"16":2,"17":2,"18":2,"19":1,"20":1,"21":2,"22":2,"23":2,"24":1,"25":1,"26":1,"27":1,"28":1,"29":1,"30":1,"31":1,"32":1,"33":1,"34":1,"35":1,"36":1,"37":1,"38":1,"39":2,"40":2,"41":1,"42":2,"43":2,"44":1,"45":2,"46":2,"47":1,"48":2,"49":2,"50":1,"51":1,"52":1,"53":1,"54":1},"b":{"1":[2,1,1,1],"2":[1,1,1,1],"3":[1,1],"4":[1,1],"5":[1,1],"6":[1,1],"7":[1,1],"8":[1,1],"9":[1,1],"10":[1,1,1],"11":[1,1],"12":[1,1],"13":[1,1],"14":[1,1],"15":[1,1],"16":[1,1],"17":[1,1]},"f":{"1":2,"2":2,"3":2,"4":2,"5":2,"6":1,"7":1,"8":1,"9":2,"10":2,"11":2,"12":2,"13":1},"fnMap":{"1":{"name":"(anonymous_1)","line":12,"loc":{"start":{"line":12,"column":1},"end":{"line":12,"column":13}}},"2":{"name":"(anonymous_2)","line":19,"loc":{"start":{"line":19,"column":5},"end":{"line":19,"column":17}}},"3":{"name":"(anonymous_3)","line":23,"loc":{"start":{"line":23,"column":24},"end":{"line":23,"column":36}}},"4":{"name":"(anonymous_4)","line":61,"loc":{"start":{"line":61,"column":5},"end":{"line":61,"column":17}}},"5":{"name":"(anonymous_5)","line":82,"loc":{"start":{"line":82,"column":5},"end":{"line":82,"column":17}}},"6":{"name":"(anonymous_6)","line":91,"loc":{"start":{"line":91,"column":77},"end":{"line":94,"column":10}}},"7":{"name":"(anonymous_7)","line":112,"loc":{"start":{"line":112,"column":83},"end":{"line":115,"column":10}},"skip":true},"8":{"name":"(anonymous_8)","line":123,"loc":{"start":{"line":123,"column":77},"end":{"line":126,"column":10}},"skip":true},"9":{"name":"(anonymous_9)","line":139,"loc":{"start":{"line":139,"column":12},"end":{"line":139,"column":40}},"skip":true},"10":{"name":"(anonymous_10)","line":147,"loc":{"start":{"line":147,"column":77},"end":{"line":150,"column":10}},"skip":true},"11":{"name":"(anonymous_11)","line":158,"loc":{"start":{"line":158,"column":83},"end":{"line":161,"column":10}},"skip":true},"12":{"name":"(anonymous_12)","line":169,"loc":{"start":{"line":169,"column":79},"end":{"line":172,"column":10}},"skip":true},"13":{"name":"(anonymous_13)","line":180,"loc":{"start":{"line":180,"column":75},"end":{"line":183,"column":10}},"skip":true}},"statementMap":{"1":{"start":{"line":12,"column":0},"end":{"line":195,"column":5}},"2":{"start":{"line":14,"column":4},"end":{"line":14,"column":14}},"3":{"start":{"line":19,"column":4},"end":{"line":56,"column":9}},"4":{"start":{"line":21,"column":8},"end":{"line":21,"column":19}},"5":{"start":{"line":23,"column":8},"end":{"line":35,"column":13}},"6":{"start":{"line":24,"column":12},"end":{"line":34,"column":13}},"7":{"start":{"line":25,"column":16},"end":{"line":28,"column":30}},"8":{"start":{"line":30,"column":16},"end":{"line":33,"column":27}},"9":{"start":{"line":37,"column":8},"end":{"line":39,"column":21}},"10":{"start":{"line":40,"column":8},"end":{"line":53,"column":9}},"11":{"start":{"line":43,"column":12},"end":{"line":46,"column":14}},"12":{"start":{"line":47,"column":12},"end":{"line":47,"column":18}},"13":{"start":{"line":50,"column":12},"end":{"line":51,"column":33}},"14":{"start":{"line":52,"column":12},"end":{"line":52,"column":18}},"15":{"start":{"line":55,"column":8},"end":{"line":55,"column":35}},"16":{"start":{"line":61,"column":4},"end":{"line":63,"column":9}},"17":{"start":{"line":62,"column":8},"end":{"line":62,"column":15}},"18":{"start":{"line":64,"column":4},"end":{"line":77,"column":5}},"19":{"start":{"line":70,"column":8},"end":{"line":70,"column":14}},"20":{"start":{"line":76,"column":8},"end":{"line":76,"column":14}},"21":{"start":{"line":82,"column":4},"end":{"line":84,"column":9}},"22":{"start":{"line":83,"column":8},"end":{"line":83,"column":15}},"23":{"start":{"line":85,"column":4},"end":{"line":194,"column":5}},"24":{"start":{"line":91,"column":8},"end":{"line":99,"column":10}},"25":{"start":{"line":98,"column":12},"end":{"line":98,"column":35}},"26":{"start":{"line":102,"column":8},"end":{"line":104,"column":63}},"27":{"start":{"line":105,"column":8},"end":{"line":105,"column":14}},"28":{"start":{"line":112,"column":8},"end":{"line":121,"column":10},"skip":true},"29":{"start":{"line":119,"column":12},"end":{"line":119,"column":55},"skip":true},"30":{"start":{"line":120,"column":12},"end":{"line":120,"column":48},"skip":true},"31":{"start":{"line":123,"column":8},"end":{"line":136,"column":10},"skip":true},"32":{"start":{"line":130,"column":12},"end":{"line":130,"column":76},"skip":true},"33":{"start":{"line":131,"column":12},"end":{"line":131,"column":73},"skip":true},"34":{"start":{"line":132,"column":12},"end":{"line":132,"column":74},"skip":true},"35":{"start":{"line":133,"column":12},"end":{"line":133,"column":79},"skip":true},"36":{"start":{"line":134,"column":12},"end":{"line":134,"column":25},"skip":true},"37":{"start":{"line":135,"column":12},"end":{"line":135,"column":45},"skip":true},"38":{"start":{"line":138,"column":8},"end":{"line":145,"column":14},"skip":true},"39":{"start":{"line":143,"column":16},"end":{"line":143,"column":29},"skip":true},"40":{"start":{"line":144,"column":16},"end":{"line":144,"column":55},"skip":true},"41":{"start":{"line":147,"column":8},"end":{"line":156,"column":10},"skip":true},"42":{"start":{"line":154,"column":12},"end":{"line":154,"column":25},"skip":true},"43":{"start":{"line":155,"column":12},"end":{"line":155,"column":45},"skip":true},"44":{"start":{"line":158,"column":8},"end":{"line":167,"column":10},"skip":true},"45":{"start":{"line":165,"column":12},"end":{"line":165,"column":25},"skip":true},"46":{"start":{"line":166,"column":12},"end":{"line":166,"column":48},"skip":true},"47":{"start":{"line":169,"column":8},"end":{"line":178,"column":10},"skip":true},"48":{"start":{"line":176,"column":12},"end":{"line":176,"column":25},"skip":true},"49":{"start":{"line":177,"column":12},"end":{"line":177,"column":46},"skip":true},"50":{"start":{"line":180,"column":8},"end":{"line":189,"column":10},"skip":true},"51":{"start":{"line":187,"column":12},"end":{"line":187,"column":94},"skip":true},"52":{"start":{"line":188,"column":12},"end":{"line":188,"column":48},"skip":true},"53":{"start":{"line":192,"column":8},"end":{"line":192,"column":35},"skip":true},"54":{"start":{"line":193,"column":8},"end":{"line":193,"column":14},"skip":true}},"branchMap":{"1":{"line":25,"type":"binary-expr","locations":[{"start":{"line":25,"column":23},"end":{"line":25,"column":62}},{"start":{"line":26,"column":20},"end":{"line":26,"column":70}},{"start":{"line":27,"column":20},"end":{"line":27,"column":71}},{"start":{"line":28,"column":20},"end":{"line":28,"column":29}}]},"2":{"line":30,"type":"binary-expr","locations":[{"start":{"line":30,"column":23},"end":{"line":30,"column":37}},{"start":{"line":31,"column":20},"end":{"line":31,"column":61}},{"start":{"line":32,"column":20},"end":{"line":32,"column":70}},{"start":{"line":33,"column":20},"end":{"line":33,"column":26}}]},"3":{"line":37,"type":"cond-expr","locations":[{"start":{"line":38,"column":14},"end":{"line":38,"column":20}},{"start":{"line":39,"column":14},"end":{"line":39,"column":20}}]},"4":{"line":40,"type":"switch","locations":[{"start":{"line":42,"column":8},"end":{"line":47,"column":18}},{"start":{"line":49,"column":8},"end":{"line":52,"column":18}}]},"5":{"line":44,"type":"binary-expr","locations":[{"start":{"line":44,"column":16},"end":{"line":44,"column":44}},{"start":{"line":44,"column":48},"end":{"line":44,"column":66}}]},"6":{"line":50,"type":"binary-expr","locations":[{"start":{"line":50,"column":21},"end":{"line":50,"column":49}},{"start":{"line":50,"column":53},"end":{"line":50,"column":72}}]},"7":{"line":64,"type":"switch","locations":[{"start":{"line":69,"column":4},"end":{"line":70,"column":14}},{"start":{"line":75,"column":4},"end":{"line":76,"column":14}}]},"8":{"line":85,"type":"switch","locations":[{"start":{"line":90,"column":4},"end":{"line":105,"column":14}},{"start":{"line":111,"column":4},"end":{"line":193,"column":14},"skip":true}]},"9":{"line":91,"type":"binary-expr","locations":[{"start":{"line":91,"column":42},"end":{"line":91,"column":73}},{"start":{"line":91,"column":77},"end":{"line":99,"column":9}}]},"10":{"line":102,"type":"binary-expr","locations":[{"start":{"line":102,"column":18},"end":{"line":102,"column":32}},{"start":{"line":103,"column":12},"end":{"line":103,"column":53}},{"start":{"line":104,"column":12},"end":{"line":104,"column":61}}]},"11":{"line":112,"type":"binary-expr","locations":[{"start":{"line":112,"column":45},"end":{"line":112,"column":79},"skip":true},{"start":{"line":112,"column":83},"end":{"line":121,"column":9},"skip":true}]},"12":{"line":123,"type":"binary-expr","locations":[{"start":{"line":123,"column":42},"end":{"line":123,"column":73},"skip":true},{"start":{"line":123,"column":77},"end":{"line":136,"column":9},"skip":true}]},"13":{"line":138,"type":"binary-expr","locations":[{"start":{"line":138,"column":48},"end":{"line":138,"column":85},"skip":true},{"start":{"line":139,"column":12},"end":{"line":145,"column":13},"skip":true}]},"14":{"line":147,"type":"binary-expr","locations":[{"start":{"line":147,"column":42},"end":{"line":147,"column":73},"skip":true},{"start":{"line":147,"column":77},"end":{"line":156,"column":9},"skip":true}]},"15":{"line":158,"type":"binary-expr","locations":[{"start":{"line":158,"column":45},"end":{"line":158,"column":79},"skip":true},{"start":{"line":158,"column":83},"end":{"line":167,"column":9},"skip":true}]},"16":{"line":169,"type":"binary-expr","locations":[{"start":{"line":169,"column":43},"end":{"line":169,"column":75},"skip":true},{"start":{"line":169,"column":79},"end":{"line":178,"column":9},"skip":true}]},"17":{"line":180,"type":"binary-expr","locations":[{"start":{"line":180,"column":41},"end":{"line":180,"column":71},"skip":true},{"start":{"line":180,"column":75},"end":{"line":189,"column":9},"skip":true}]}},"code":["/* istanbul instrument in package npmtest_sails_generate_auth */","/*jslint","    bitwise: true,","    browser: true,","    maxerr: 8,","    maxlen: 96,","    node: true,","    nomen: true,","    regexp: true,","    stupid: true","*/","(function () {","    'use strict';","    var local;","","","","    // run shared js-env code - init-before","    (function () {","        // init local","        local = {};","        // init modeJs","        local.modeJs = (function () {","            try {","                return typeof navigator.userAgent === 'string' &&","                    typeof document.querySelector('body') === 'object' &&","                    typeof XMLHttpRequest.prototype.open === 'function' &&","                    'browser';","            } catch (errorCaughtBrowser) {","                return module.exports &&","                    typeof process.versions.node === 'string' &&","                    typeof require('http').createServer === 'function' &&","                    'node';","            }","        }());","        // init global","        local.global = local.modeJs === 'browser'","            ? window","            : global;","        switch (local.modeJs) {","        // re-init local from window.local","        case 'browser':","            local = local.global.utility2.objectSetDefault(","                local.global.utility2_rollup || local.global.local,","                local.global.utility2","            );","            break;","        // re-init local from example.js","        case 'node':","            local = (local.global.utility2_rollup || require('utility2'))","                .requireReadme();","            break;","        }","        // export local","        local.global.local = local;","    }());","","","","    // run shared js-env code - function","    (function () {","        return;","    }());","    switch (local.modeJs) {","","","","    // run browser js-env code - function","    case 'browser':","        break;","","","","    // run node js-env code - function","    case 'node':","        break;","    }","","","","    // run shared js-env code - init-after","    (function () {","        return;","    }());","    switch (local.modeJs) {","","","","    // run browser js-env code - init-after","    case 'browser':","        local.testCase_browser_nullCase = local.testCase_browser_nullCase || function (","            options,","            onError","        ) {","        /*","         * this function will test browsers's null-case handling-behavior-behavior","         */","            onError(null, options);","        };","","        // run tests","        local.nop(local.modeTest &&","            document.querySelector('#testRunButton1') &&","            document.querySelector('#testRunButton1').click());","        break;","","","","    // run node js-env code - init-after","    /* istanbul ignore next */","    case 'node':","        local.testCase_buildApidoc_default = local.testCase_buildApidoc_default || function (","            options,","            onError","        ) {","        /*","         * this function will test buildApidoc's default handling-behavior-behavior","         */","            options = { modulePathList: module.paths };","            local.buildApidoc(options, onError);","        };","","        local.testCase_buildApp_default = local.testCase_buildApp_default || function (","            options,","            onError","        ) {","        /*","         * this function will test buildApp's default handling-behavior-behavior","         */","            local.testCase_buildReadme_default(options, local.onErrorThrow);","            local.testCase_buildLib_default(options, local.onErrorThrow);","            local.testCase_buildTest_default(options, local.onErrorThrow);","            local.testCase_buildCustomOrg_default(options, local.onErrorThrow);","            options = [];","            local.buildApp(options, onError);","        };","","        local.testCase_buildCustomOrg_default = local.testCase_buildCustomOrg_default ||","            function (options, onError) {","            /*","             * this function will test buildCustomOrg's default handling-behavior","             */","                options = {};","                local.buildCustomOrg(options, onError);","            };","","        local.testCase_buildLib_default = local.testCase_buildLib_default || function (","            options,","            onError","        ) {","        /*","         * this function will test buildLib's default handling-behavior","         */","            options = {};","            local.buildLib(options, onError);","        };","","        local.testCase_buildReadme_default = local.testCase_buildReadme_default || function (","            options,","            onError","        ) {","        /*","         * this function will test buildReadme's default handling-behavior-behavior","         */","            options = {};","            local.buildReadme(options, onError);","        };","","        local.testCase_buildTest_default = local.testCase_buildTest_default || function (","            options,","            onError","        ) {","        /*","         * this function will test buildTest's default handling-behavior","         */","            options = {};","            local.buildTest(options, onError);","        };","","        local.testCase_webpage_default = local.testCase_webpage_default || function (","            options,","            onError","        ) {","        /*","         * this function will test webpage's default handling-behavior","         */","            options = { modeCoverageMerge: true, url: local.serverLocalHost + '?modeTest=1' };","            local.browserTest(options, onError);","        };","","        // run test-server","        local.testRunServer(local);","        break;","    }","}());",""],"l":{"12":2,"14":2,"19":2,"21":2,"23":2,"24":2,"25":2,"30":1,"37":2,"40":2,"43":1,"47":1,"50":1,"52":1,"55":2,"61":2,"62":2,"64":2,"70":1,"76":1,"82":2,"83":2,"85":2,"91":1,"98":1,"102":1,"105":1,"112":1,"119":1,"120":1,"123":1,"130":1,"131":1,"132":1,"133":1,"134":1,"135":1,"138":1,"143":2,"144":2,"147":1,"154":2,"155":2,"158":1,"165":2,"166":2,"169":1,"176":2,"177":2,"180":1,"187":1,"188":1,"192":1,"193":1}},"/home/travis/build/npmtest/node-npmtest-sails-generate-auth/lib.npmtest_sails_generate_auth.js":{"path":"/home/travis/build/npmtest/node-npmtest-sails-generate-auth/lib.npmtest_sails_generate_auth.js","s":{"1":2,"2":2,"3":2,"4":2,"5":2,"6":2,"7":2,"8":1,"9":2,"10":2,"11":2,"12":2,"13":1,"14":1,"15":1,"16":1},"b":{"1":[2,1,1,1],"2":[1,1,1,1],"3":[1,1],"4":[2,2],"5":[1,1]},"f":{"1":2,"2":2,"3":2},"fnMap":{"1":{"name":"(anonymous_1)","line":12,"loc":{"start":{"line":12,"column":1},"end":{"line":12,"column":13}}},"2":{"name":"(anonymous_2)","line":19,"loc":{"start":{"line":19,"column":5},"end":{"line":19,"column":17}}},"3":{"name":"(anonymous_3)","line":23,"loc":{"start":{"line":23,"column":24},"end":{"line":23,"column":36}}}},"statementMap":{"1":{"start":{"line":12,"column":0},"end":{"line":53,"column":5}},"2":{"start":{"line":14,"column":4},"end":{"line":14,"column":14}},"3":{"start":{"line":19,"column":4},"end":{"line":52,"column":9}},"4":{"start":{"line":21,"column":8},"end":{"line":21,"column":19}},"5":{"start":{"line":23,"column":8},"end":{"line":35,"column":13}},"6":{"start":{"line":24,"column":12},"end":{"line":34,"column":13}},"7":{"start":{"line":25,"column":16},"end":{"line":28,"column":30}},"8":{"start":{"line":30,"column":16},"end":{"line":33,"column":27}},"9":{"start":{"line":37,"column":8},"end":{"line":39,"column":21}},"10":{"start":{"line":41,"column":8},"end":{"line":41,"column":54}},"11":{"start":{"line":43,"column":8},"end":{"line":43,"column":64}},"12":{"start":{"line":45,"column":8},"end":{"line":51,"column":9}},"13":{"start":{"line":46,"column":12},"end":{"line":46,"column":70}},"14":{"start":{"line":48,"column":12},"end":{"line":48,"column":35}},"15":{"start":{"line":49,"column":12},"end":{"line":49,"column":49}},"16":{"start":{"line":50,"column":12},"end":{"line":50,"column":43}}},"branchMap":{"1":{"line":25,"type":"binary-expr","locations":[{"start":{"line":25,"column":23},"end":{"line":25,"column":62}},{"start":{"line":26,"column":20},"end":{"line":26,"column":70}},{"start":{"line":27,"column":20},"end":{"line":27,"column":71}},{"start":{"line":28,"column":20},"end":{"line":28,"column":29}}]},"2":{"line":30,"type":"binary-expr","locations":[{"start":{"line":30,"column":23},"end":{"line":30,"column":37}},{"start":{"line":31,"column":20},"end":{"line":31,"column":61}},{"start":{"line":32,"column":20},"end":{"line":32,"column":70}},{"start":{"line":33,"column":20},"end":{"line":33,"column":26}}]},"3":{"line":37,"type":"cond-expr","locations":[{"start":{"line":38,"column":14},"end":{"line":38,"column":20}},{"start":{"line":39,"column":14},"end":{"line":39,"column":20}}]},"4":{"line":41,"type":"binary-expr","locations":[{"start":{"line":41,"column":16},"end":{"line":41,"column":44}},{"start":{"line":41,"column":48},"end":{"line":41,"column":53}}]},"5":{"line":45,"type":"if","locations":[{"start":{"line":45,"column":8},"end":{"line":45,"column":8}},{"start":{"line":45,"column":8},"end":{"line":45,"column":8}}]}},"code":["/* istanbul instrument in package npmtest_sails_generate_auth */","/*jslint","    bitwise: true,","    browser: true,","    maxerr: 8,","    maxlen: 96,","    node: true,","    nomen: true,","    regexp: true,","    stupid: true","*/","(function () {","    'use strict';","    var local;","","","","    // run shared js-env code - init-before","    (function () {","        // init local","        local = {};","        // init modeJs","        local.modeJs = (function () {","            try {","                return typeof navigator.userAgent === 'string' &&","                    typeof document.querySelector('body') === 'object' &&","                    typeof XMLHttpRequest.prototype.open === 'function' &&","                    'browser';","            } catch (errorCaughtBrowser) {","                return module.exports &&","                    typeof process.versions.node === 'string' &&","                    typeof require('http').createServer === 'function' &&","                    'node';","            }","        }());","        // init global","        local.global = local.modeJs === 'browser'","            ? window","            : global;","        // init utility2_rollup","        local = local.global.utility2_rollup || local;","        // init lib","        local.local = local.npmtest_sails_generate_auth = local;","        // init exports","        if (local.modeJs === 'browser') {","            local.global.utility2_npmtest_sails_generate_auth = local;","        } else {","            module.exports = local;","            module.exports.__dirname = __dirname;","            module.exports.module = module;","        }","    }());","}());",""],"l":{"12":2,"14":2,"19":2,"21":2,"23":2,"24":2,"25":2,"30":1,"37":2,"41":2,"43":2,"45":2,"46":1,"48":1,"49":1,"50":1}},"/home/travis/build/npmtest/node-npmtest-sails-generate-auth/example.js":{"path":"/home/travis/build/npmtest/node-npmtest-sails-generate-auth/example.js","s":{"1":2,"2":2,"3":2,"4":2,"5":2,"6":2,"7":2,"8":1,"9":2,"10":2,"11":2,"12":2,"13":1,"14":2,"15":2,"16":2,"17":2,"18":2,"19":0,"20":2,"21":1,"22":1,"23":1,"24":1,"25":1,"26":0,"27":0,"28":1,"29":1,"30":2,"31":0,"32":0,"33":0,"34":1,"35":2,"36":2,"37":3,"38":3,"39":3,"40":3,"41":0,"42":3,"43":3,"44":3,"45":1,"46":3,"47":1,"48":1,"49":1,"50":1,"51":1,"52":1,"53":1,"54":1,"55":1,"56":1,"57":0,"58":1,"59":6,"60":6,"61":1,"62":2,"63":0,"64":2,"65":1,"66":1,"67":0,"68":0,"69":0,"70":0,"71":0,"72":0,"73":0,"74":0,"75":0,"76":0,"77":0,"78":0,"79":0,"80":0,"81":0,"82":0,"83":0},"b":{"1":[2,1,1,1],"2":[1,1,1,1],"3":[1,1],"4":[2,2],"5":[1,1],"6":[1,1],"7":[2,0],"8":[2,1,1,1,1,1],"9":[0,2,0],"10":[1,1],"11":[2,1,1],"12":[1,0],"13":[0,2],"14":[2,0,0,0,0,0,0],"15":[0,3],"16":[3,0],"17":[1,1],"18":[0,1],"19":[1,2,0,2],"20":[1,0],"21":[1,1],"22":[0,0],"23":[0,0],"24":[0,0],"25":[0,0],"26":[0,0],"27":[0,0],"28":[0,0]},"f":{"1":2,"2":2,"3":2,"4":2,"5":2,"6":2,"7":3,"8":3,"9":3,"10":1,"11":6,"12":0},"fnMap":{"1":{"name":"(anonymous_1)","line":26,"loc":{"start":{"line":26,"column":1},"end":{"line":26,"column":13}}},"2":{"name":"(anonymous_2)","line":33,"loc":{"start":{"line":33,"column":5},"end":{"line":33,"column":17}}},"3":{"name":"(anonymous_3)","line":37,"loc":{"start":{"line":37,"column":24},"end":{"line":37,"column":36}}},"4":{"name":"(anonymous_4)","line":69,"loc":{"start":{"line":69,"column":31},"end":{"line":69,"column":48}},"skip":true},"5":{"name":"(anonymous_5)","line":78,"loc":{"start":{"line":78,"column":26},"end":{"line":78,"column":45}},"skip":true},"6":{"name":"(anonymous_6)","line":123,"loc":{"start":{"line":123,"column":33},"end":{"line":123,"column":48}},"skip":true},"7":{"name":"(anonymous_7)","line":125,"loc":{"start":{"line":125,"column":27},"end":{"line":125,"column":39}},"skip":true},"8":{"name":"(anonymous_8)","line":133,"loc":{"start":{"line":133,"column":59},"end":{"line":133,"column":74}},"skip":true},"9":{"name":"(anonymous_9)","line":143,"loc":{"start":{"line":143,"column":45},"end":{"line":143,"column":62}},"skip":true},"10":{"name":"(anonymous_10)","line":144,"loc":{"start":{"line":144,"column":73},"end":{"line":144,"column":92}},"skip":true},"11":{"name":"(anonymous_11)","line":272,"loc":{"start":{"line":272,"column":51},"end":{"line":272,"column":77}},"skip":true},"12":{"name":"(anonymous_12)","line":315,"loc":{"start":{"line":315,"column":32},"end":{"line":315,"column":61}},"skip":true}},"statementMap":{"1":{"start":{"line":26,"column":0},"end":{"line":326,"column":5}},"2":{"start":{"line":28,"column":4},"end":{"line":28,"column":14}},"3":{"start":{"line":33,"column":4},"end":{"line":60,"column":9}},"4":{"start":{"line":35,"column":8},"end":{"line":35,"column":19}},"5":{"start":{"line":37,"column":8},"end":{"line":49,"column":13}},"6":{"start":{"line":38,"column":12},"end":{"line":48,"column":13}},"7":{"start":{"line":39,"column":16},"end":{"line":42,"column":30}},"8":{"start":{"line":44,"column":16},"end":{"line":47,"column":27}},"9":{"start":{"line":51,"column":8},"end":{"line":53,"column":21}},"10":{"start":{"line":55,"column":8},"end":{"line":57,"column":45}},"11":{"start":{"line":59,"column":8},"end":{"line":59,"column":35}},"12":{"start":{"line":61,"column":4},"end":{"line":325,"column":5}},"13":{"start":{"line":69,"column":8},"end":{"line":121,"column":10},"skip":true},"14":{"start":{"line":70,"column":12},"end":{"line":88,"column":13},"skip":true},"15":{"start":{"line":76,"column":16},"end":{"line":87,"column":19},"skip":true},"16":{"start":{"line":79,"column":20},"end":{"line":86,"column":21},"skip":true},"17":{"start":{"line":82,"column":24},"end":{"line":82,"column":43},"skip":true},"18":{"start":{"line":83,"column":24},"end":{"line":83,"column":30},"skip":true},"19":{"start":{"line":85,"column":24},"end":{"line":85,"column":49},"skip":true},"20":{"start":{"line":89,"column":12},"end":{"line":107,"column":13},"skip":true},"21":{"start":{"line":92,"column":16},"end":{"line":102,"column":17},"skip":true},"22":{"start":{"line":93,"column":20},"end":{"line":93,"column":86},"skip":true},"23":{"start":{"line":94,"column":20},"end":{"line":95,"column":45},"skip":true},"24":{"start":{"line":96,"column":20},"end":{"line":96,"column":42},"skip":true},"25":{"start":{"line":97,"column":20},"end":{"line":97,"column":48},"skip":true},"26":{"start":{"line":100,"column":20},"end":{"line":100,"column":85},"skip":true},"27":{"start":{"line":101,"column":20},"end":{"line":101,"column":96},"skip":true},"28":{"start":{"line":103,"column":16},"end":{"line":103,"column":22},"skip":true},"29":{"start":{"line":106,"column":16},"end":{"line":106,"column":22},"skip":true},"30":{"start":{"line":108,"column":12},"end":{"line":120,"column":13},"skip":true},"31":{"start":{"line":114,"column":16},"end":{"line":119,"column":17},"skip":true},"32":{"start":{"line":116,"column":20},"end":{"line":116,"column":78},"skip":true},"33":{"start":{"line":118,"column":20},"end":{"line":118,"column":47},"skip":true},"34":{"start":{"line":123,"column":8},"end":{"line":141,"column":11},"skip":true},"35":{"start":{"line":124,"column":12},"end":{"line":124,"column":54},"skip":true},"36":{"start":{"line":125,"column":12},"end":{"line":140,"column":14},"skip":true},"37":{"start":{"line":126,"column":16},"end":{"line":126,"column":28},"skip":true},"38":{"start":{"line":127,"column":16},"end":{"line":127,"column":69},"skip":true},"39":{"start":{"line":128,"column":16},"end":{"line":128,"column":75},"skip":true},"40":{"start":{"line":129,"column":16},"end":{"line":131,"column":17},"skip":true},"41":{"start":{"line":130,"column":20},"end":{"line":130,"column":27},"skip":true},"42":{"start":{"line":133,"column":16},"end":{"line":137,"column":36},"skip":true},"43":{"start":{"line":134,"column":20},"end":{"line":136,"column":55},"skip":true},"44":{"start":{"line":139,"column":16},"end":{"line":139,"column":57},"skip":true},"45":{"start":{"line":143,"column":8},"end":{"line":147,"column":11},"skip":true},"46":{"start":{"line":144,"column":12},"end":{"line":146,"column":15},"skip":true},"47":{"start":{"line":145,"column":16},"end":{"line":145,"column":70},"skip":true},"48":{"start":{"line":149,"column":8},"end":{"line":149,"column":31},"skip":true},"49":{"start":{"line":150,"column":8},"end":{"line":150,"column":14},"skip":true},"50":{"start":{"line":158,"column":8},"end":{"line":158,"column":31},"skip":true},"51":{"start":{"line":160,"column":8},"end":{"line":160,"column":33},"skip":true},"52":{"start":{"line":161,"column":8},"end":{"line":161,"column":37},"skip":true},"53":{"start":{"line":162,"column":8},"end":{"line":162,"column":35},"skip":true},"54":{"start":{"line":164,"column":8},"end":{"line":164,"column":50},"skip":true},"55":{"start":{"line":166,"column":8},"end":{"line":256,"column":2},"skip":true},"56":{"start":{"line":258,"column":8},"end":{"line":286,"column":9},"skip":true},"57":{"start":{"line":259,"column":12},"end":{"line":269,"column":14},"skip":true},"58":{"start":{"line":271,"column":12},"end":{"line":285,"column":19},"skip":true},"59":{"start":{"line":274,"column":20},"end":{"line":274,"column":35},"skip":true},"60":{"start":{"line":275,"column":20},"end":{"line":284,"column":21},"skip":true},"61":{"start":{"line":277,"column":24},"end":{"line":277,"column":64},"skip":true},"62":{"start":{"line":279,"column":24},"end":{"line":279,"column":40},"skip":true},"63":{"start":{"line":281,"column":24},"end":{"line":281,"column":40},"skip":true},"64":{"start":{"line":283,"column":24},"end":{"line":283,"column":39},"skip":true},"65":{"start":{"line":288,"column":8},"end":{"line":290,"column":9},"skip":true},"66":{"start":{"line":289,"column":12},"end":{"line":289,"column":18},"skip":true},"67":{"start":{"line":291,"column":8},"end":{"line":293,"column":54},"skip":true},"68":{"start":{"line":296,"column":8},"end":{"line":301,"column":37},"skip":true},"69":{"start":{"line":303,"column":8},"end":{"line":303,"column":82},"skip":true},"70":{"start":{"line":306,"column":8},"end":{"line":308,"column":9},"skip":true},"71":{"start":{"line":307,"column":12},"end":{"line":307,"column":82},"skip":true},"72":{"start":{"line":310,"column":8},"end":{"line":312,"column":9},"skip":true},"73":{"start":{"line":311,"column":12},"end":{"line":311,"column":18},"skip":true},"74":{"start":{"line":313,"column":8},"end":{"line":313,"column":54},"skip":true},"75":{"start":{"line":314,"column":8},"end":{"line":314,"column":69},"skip":true},"76":{"start":{"line":315,"column":8},"end":{"line":323,"column":36},"skip":true},"77":{"start":{"line":316,"column":12},"end":{"line":316,"column":61},"skip":true},"78":{"start":{"line":317,"column":12},"end":{"line":320,"column":13},"skip":true},"79":{"start":{"line":318,"column":16},"end":{"line":318,"column":75},"skip":true},"80":{"start":{"line":319,"column":16},"end":{"line":319,"column":23},"skip":true},"81":{"start":{"line":321,"column":12},"end":{"line":321,"column":38},"skip":true},"82":{"start":{"line":322,"column":12},"end":{"line":322,"column":27},"skip":true},"83":{"start":{"line":324,"column":8},"end":{"line":324,"column":14},"skip":true}},"branchMap":{"1":{"line":39,"type":"binary-expr","locations":[{"start":{"line":39,"column":23},"end":{"line":39,"column":62}},{"start":{"line":40,"column":20},"end":{"line":40,"column":70}},{"start":{"line":41,"column":20},"end":{"line":41,"column":71}},{"start":{"line":42,"column":20},"end":{"line":42,"column":29}}]},"2":{"line":44,"type":"binary-expr","locations":[{"start":{"line":44,"column":23},"end":{"line":44,"column":37}},{"start":{"line":45,"column":20},"end":{"line":45,"column":61}},{"start":{"line":46,"column":20},"end":{"line":46,"column":70}},{"start":{"line":47,"column":20},"end":{"line":47,"column":26}}]},"3":{"line":51,"type":"cond-expr","locations":[{"start":{"line":52,"column":14},"end":{"line":52,"column":20}},{"start":{"line":53,"column":14},"end":{"line":53,"column":20}}]},"4":{"line":55,"type":"binary-expr","locations":[{"start":{"line":55,"column":16},"end":{"line":55,"column":44}},{"start":{"line":55,"column":49},"end":{"line":57,"column":43}}]},"5":{"line":55,"type":"cond-expr","locations":[{"start":{"line":56,"column":14},"end":{"line":56,"column":63}},{"start":{"line":57,"column":14},"end":{"line":57,"column":43}}]},"6":{"line":61,"type":"switch","locations":[{"start":{"line":68,"column":4},"end":{"line":150,"column":14},"skip":true},{"start":{"line":156,"column":4},"end":{"line":324,"column":14},"skip":true}]},"7":{"line":70,"type":"if","locations":[{"start":{"line":70,"column":12},"end":{"line":70,"column":12},"skip":true},{"start":{"line":70,"column":12},"end":{"line":70,"column":12},"skip":true}]},"8":{"line":70,"type":"binary-expr","locations":[{"start":{"line":70,"column":16},"end":{"line":70,"column":22},"skip":true},{"start":{"line":70,"column":27},"end":{"line":70,"column":32},"skip":true},{"start":{"line":71,"column":20},"end":{"line":71,"column":39},"skip":true},{"start":{"line":72,"column":20},"end":{"line":72,"column":49},"skip":true},{"start":{"line":73,"column":20},"end":{"line":73,"column":58},"skip":true},{"start":{"line":74,"column":20},"end":{"line":74,"column":69},"skip":true}]},"9":{"line":79,"type":"switch","locations":[{"start":{"line":80,"column":20},"end":{"line":80,"column":33},"skip":true},{"start":{"line":81,"column":20},"end":{"line":83,"column":30},"skip":true},{"start":{"line":84,"column":20},"end":{"line":85,"column":49},"skip":true}]},"10":{"line":89,"type":"switch","locations":[{"start":{"line":90,"column":12},"end":{"line":103,"column":22},"skip":true},{"start":{"line":105,"column":12},"end":{"line":106,"column":22},"skip":true}]},"11":{"line":89,"type":"binary-expr","locations":[{"start":{"line":89,"column":20},"end":{"line":89,"column":25},"skip":true},{"start":{"line":89,"column":29},"end":{"line":89,"column":48},"skip":true},{"start":{"line":89,"column":52},"end":{"line":89,"column":74},"skip":true}]},"12":{"line":92,"type":"if","locations":[{"start":{"line":92,"column":16},"end":{"line":92,"column":16},"skip":true},{"start":{"line":92,"column":16},"end":{"line":92,"column":16},"skip":true}]},"13":{"line":108,"type":"if","locations":[{"start":{"line":108,"column":12},"end":{"line":108,"column":12},"skip":true},{"start":{"line":108,"column":12},"end":{"line":108,"column":12},"skip":true}]},"14":{"line":108,"type":"binary-expr","locations":[{"start":{"line":108,"column":16},"end":{"line":108,"column":61},"skip":true},{"start":{"line":108,"column":66},"end":{"line":108,"column":72},"skip":true},{"start":{"line":108,"column":77},"end":{"line":108,"column":82},"skip":true},{"start":{"line":109,"column":20},"end":{"line":109,"column":39},"skip":true},{"start":{"line":110,"column":20},"end":{"line":110,"column":49},"skip":true},{"start":{"line":111,"column":20},"end":{"line":111,"column":58},"skip":true},{"start":{"line":112,"column":20},"end":{"line":112,"column":68},"skip":true}]},"15":{"line":129,"type":"if","locations":[{"start":{"line":129,"column":16},"end":{"line":129,"column":16},"skip":true},{"start":{"line":129,"column":16},"end":{"line":129,"column":16},"skip":true}]},"16":{"line":134,"type":"cond-expr","locations":[{"start":{"line":135,"column":26},"end":{"line":135,"column":29},"skip":true},{"start":{"line":136,"column":26},"end":{"line":136,"column":54},"skip":true}]},"17":{"line":164,"type":"binary-expr","locations":[{"start":{"line":164,"column":27},"end":{"line":164,"column":43},"skip":true},{"start":{"line":164,"column":47},"end":{"line":164,"column":49},"skip":true}]},"18":{"line":258,"type":"if","locations":[{"start":{"line":258,"column":8},"end":{"line":258,"column":8},"skip":true},{"start":{"line":258,"column":8},"end":{"line":258,"column":8},"skip":true}]},"19":{"line":275,"type":"switch","locations":[{"start":{"line":276,"column":20},"end":{"line":277,"column":64},"skip":true},{"start":{"line":278,"column":20},"end":{"line":279,"column":40},"skip":true},{"start":{"line":280,"column":20},"end":{"line":281,"column":40},"skip":true},{"start":{"line":282,"column":20},"end":{"line":283,"column":39},"skip":true}]},"20":{"line":288,"type":"if","locations":[{"start":{"line":288,"column":8},"end":{"line":288,"column":8},"skip":true},{"start":{"line":288,"column":8},"end":{"line":288,"column":8},"skip":true}]},"21":{"line":288,"type":"binary-expr","locations":[{"start":{"line":288,"column":12},"end":{"line":288,"column":40},"skip":true},{"start":{"line":288,"column":44},"end":{"line":288,"column":67},"skip":true}]},"22":{"line":292,"type":"binary-expr","locations":[{"start":{"line":292,"column":12},"end":{"line":292,"column":50},"skip":true},{"start":{"line":293,"column":12},"end":{"line":293,"column":53},"skip":true}]},"23":{"line":297,"type":"binary-expr","locations":[{"start":{"line":297,"column":12},"end":{"line":297,"column":77},"skip":true},{"start":{"line":298,"column":12},"end":{"line":301,"column":36},"skip":true}]},"24":{"line":303,"type":"binary-expr","locations":[{"start":{"line":303,"column":43},"end":{"line":303,"column":75},"skip":true},{"start":{"line":303,"column":79},"end":{"line":303,"column":81},"skip":true}]},"25":{"line":306,"type":"if","locations":[{"start":{"line":306,"column":8},"end":{"line":306,"column":8},"skip":true},{"start":{"line":306,"column":8},"end":{"line":306,"column":8},"skip":true}]},"26":{"line":310,"type":"if","locations":[{"start":{"line":310,"column":8},"end":{"line":310,"column":8},"skip":true},{"start":{"line":310,"column":8},"end":{"line":310,"column":8},"skip":true}]},"27":{"line":313,"type":"binary-expr","locations":[{"start":{"line":313,"column":27},"end":{"line":313,"column":43},"skip":true},{"start":{"line":313,"column":47},"end":{"line":313,"column":53},"skip":true}]},"28":{"line":317,"type":"if","locations":[{"start":{"line":317,"column":12},"end":{"line":317,"column":12},"skip":true},{"start":{"line":317,"column":12},"end":{"line":317,"column":12},"skip":true}]}},"code":["/*","example.js","","quickstart example","","instruction","    1. save this script as example.js","    2. run the shell command:","        $ npm install npmtest-sails-generate-auth && PORT=8081 node example.js","    3. play with the browser-demo on http://127.0.0.1:8081","*/","","","","/* istanbul instrument in package npmtest_sails_generate_auth */","/*jslint","    bitwise: true,","    browser: true,","    maxerr: 8,","    maxlen: 96,","    node: true,","    nomen: true,","    regexp: true,","    stupid: true","*/","(function () {","    'use strict';","    var local;","","","","    // run shared js-env code - init-before","    (function () {","        // init local","        local = {};","        // init modeJs","        local.modeJs = (function () {","            try {","                return typeof navigator.userAgent === 'string' &&","                    typeof document.querySelector('body') === 'object' &&","                    typeof XMLHttpRequest.prototype.open === 'function' &&","                    'browser';","            } catch (errorCaughtBrowser) {","                return module.exports &&","                    typeof process.versions.node === 'string' &&","                    typeof require('http').createServer === 'function' &&","                    'node';","            }","        }());","        // init global","        local.global = local.modeJs === 'browser'","            ? window","            : global;","        // init utility2_rollup","        local = local.global.utility2_rollup || (local.modeJs === 'browser'","            ? local.global.utility2_npmtest_sails_generate_auth","            : global.utility2_moduleExports);","        // export local","        local.global.local = local;","    }());","    switch (local.modeJs) {","","","","    // init-after","    // run browser js-env code - init-after","    /* istanbul ignore next */","    case 'browser':","        local.testRunBrowser = function (event) {","            if (!event || (event &&","                    event.currentTarget &&","                    event.currentTarget.className &&","                    event.currentTarget.className.includes &&","                    event.currentTarget.className.includes('onreset'))) {","                // reset output","                Array.from(","                    document.querySelectorAll('body > .resettable')","                ).forEach(function (element) {","                    switch (element.tagName) {","                    case 'INPUT':","                    case 'TEXTAREA':","                        element.value = '';","                        break;","                    default:","                        element.textContent = '';","                    }","                });","            }","            switch (event && event.currentTarget && event.currentTarget.id) {","            case 'testRunButton1':","                // show tests","                if (document.querySelector('#testReportDiv1').style.display === 'none') {","                    document.querySelector('#testReportDiv1').style.display = 'block';","                    document.querySelector('#testRunButton1').textContent =","                        'hide internal test';","                    local.modeTest = true;","                    local.testRunDefault(local);","                // hide tests","                } else {","                    document.querySelector('#testReportDiv1').style.display = 'none';","                    document.querySelector('#testRunButton1').textContent = 'run internal test';","                }","                break;","            // custom-case","            default:","                break;","            }","            if (document.querySelector('#inputTextareaEval1') && (!event || (event &&","                    event.currentTarget &&","                    event.currentTarget.className &&","                    event.currentTarget.className.includes &&","                    event.currentTarget.className.includes('oneval')))) {","                // try to eval input-code","                try {","                    /*jslint evil: true*/","                    eval(document.querySelector('#inputTextareaEval1').value);","                } catch (errorCaught) {","                    console.error(errorCaught);","                }","            }","        };","        // log stderr and stdout to #outputTextareaStdout1","        ['error', 'log'].forEach(function (key) {","            console[key + '_original'] = console[key];","            console[key] = function () {","                var element;","                console[key + '_original'].apply(console, arguments);","                element = document.querySelector('#outputTextareaStdout1');","                if (!element) {","                    return;","                }","                // append text to #outputTextareaStdout1","                element.value += Array.from(arguments).map(function (arg) {","                    return typeof arg === 'string'","                        ? arg","                        : JSON.stringify(arg, null, 4);","                }).join(' ') + '\\n';","                // scroll textarea to bottom","                element.scrollTop = element.scrollHeight;","            };","        });","        // init event-handling","        ['change', 'click', 'keyup'].forEach(function (event) {","            Array.from(document.querySelectorAll('.on' + event)).forEach(function (element) {","                element.addEventListener(event, local.testRunBrowser);","            });","        });","        // run tests","        local.testRunBrowser();","        break;","","","","    // run node js-env code - init-after","    /* istanbul ignore next */","    case 'node':","        // export local","        module.exports = local;","        // require modules","        local.fs = require('fs');","        local.http = require('http');","        local.url = require('url');","        // init assets","        local.assetsDict = local.assetsDict || {};","        /* jslint-ignore-begin */","        local.assetsDict['/assets.index.template.html'] = '\\","<!doctype html>\\n\\","<html lang=\"en\">\\n\\","<head>\\n\\","<meta charset=\"UTF-8\">\\n\\","<meta name=\"viewport\" content=\"width=device-width, initial-scale=1\">\\n\\","<title>{{env.npm_package_name}} (v{{env.npm_package_version}})</title>\\n\\","<style>\\n\\","/*csslint\\n\\","    box-sizing: false,\\n\\","    universal-selector: false\\n\\","*/\\n\\","* {\\n\\","    box-sizing: border-box;\\n\\","}\\n\\","body {\\n\\","    background: #dde;\\n\\","    font-family: Arial, Helvetica, sans-serif;\\n\\","    margin: 2rem;\\n\\","}\\n\\","body > * {\\n\\","    margin-bottom: 1rem;\\n\\","}\\n\\",".utility2FooterDiv {\\n\\","    margin-top: 20px;\\n\\","    text-align: center;\\n\\","}\\n\\","</style>\\n\\","<style>\\n\\","/*csslint\\n\\","*/\\n\\","textarea {\\n\\","    font-family: monospace;\\n\\","    height: 10rem;\\n\\","    width: 100%;\\n\\","}\\n\\","textarea[readonly] {\\n\\","    background: #ddd;\\n\\","}\\n\\","</style>\\n\\","</head>\\n\\","<body>\\n\\","<!-- utility2-comment\\n\\","<div id=\"ajaxProgressDiv1\" style=\"background: #d00; height: 2px; left: 0; margin: 0; padding: 0; position: fixed; top: 0; transition: background 0.5s, width 1.5s; width: 25%;\"></div>\\n\\","utility2-comment -->\\n\\","<h1>\\n\\","<!-- utility2-comment\\n\\","    <a\\n\\","        {{#if env.npm_package_homepage}}\\n\\","        href=\"{{env.npm_package_homepage}}\"\\n\\","        {{/if env.npm_package_homepage}}\\n\\","        target=\"_blank\"\\n\\","    >\\n\\","utility2-comment -->\\n\\","        {{env.npm_package_name}} (v{{env.npm_package_version}})\\n\\","<!-- utility2-comment\\n\\","    </a>\\n\\","utility2-comment -->\\n\\","</h1>\\n\\","<h3>{{env.npm_package_description}}</h3>\\n\\","<!-- utility2-comment\\n\\","<h4><a download href=\"assets.app.js\">download standalone app</a></h4>\\n\\","<button class=\"onclick onreset\" id=\"testRunButton1\">run internal test</button><br>\\n\\","<div id=\"testReportDiv1\" style=\"display: none;\"></div>\\n\\","utility2-comment -->\\n\\","\\n\\","\\n\\","\\n\\","<label>stderr and stdout</label>\\n\\","<textarea class=\"resettable\" id=\"outputTextareaStdout1\" readonly></textarea>\\n\\","<!-- utility2-comment\\n\\","{{#if isRollup}}\\n\\","<script src=\"assets.app.js\"></script>\\n\\","{{#unless isRollup}}\\n\\","utility2-comment -->\\n\\","<script src=\"assets.utility2.rollup.js\"></script>\\n\\","<script src=\"jsonp.utility2._stateInit?callback=window.utility2._stateInit\"></script>\\n\\","<script src=\"assets.npmtest_sails_generate_auth.rollup.js\"></script>\\n\\","<script src=\"assets.example.js\"></script>\\n\\","<script src=\"assets.test.js\"></script>\\n\\","<!-- utility2-comment\\n\\","{{/if isRollup}}\\n\\","utility2-comment -->\\n\\","<div class=\"utility2FooterDiv\">\\n\\","    [ this app was created with\\n\\","    <a href=\"https://github.com/kaizhu256/node-utility2\" target=\"_blank\">utility2</a>\\n\\","    ]\\n\\","</div>\\n\\","</body>\\n\\","</html>\\n\\","';","        /* jslint-ignore-end */","        if (local.templateRender) {","            local.assetsDict['/'] = local.templateRender(","                local.assetsDict['/assets.index.template.html'],","                {","                    env: local.objectSetDefault(local.env, {","                        npm_package_description: 'the greatest app in the world!',","                        npm_package_name: 'my-app',","                        npm_package_nameAlias: 'my_app',","                        npm_package_version: '0.0.1'","                    })","                }","            );","        } else {","            local.assetsDict['/'] = local.assetsDict['/assets.index.template.html']","                .replace((/\\{\\{env\\.(\\w+?)\\}\\}/g), function (match0, match1) {","                    // jslint-hack","                    String(match0);","                    switch (match1) {","                    case 'npm_package_description':","                        return 'the greatest app in the world!';","                    case 'npm_package_name':","                        return 'my-app';","                    case 'npm_package_nameAlias':","                        return 'my_app';","                    case 'npm_package_version':","                        return '0.0.1';","                    }","                });","        }","        // run the cli","        if (local.global.utility2_rollup || module !== require.main) {","            break;","        }","        local.assetsDict['/assets.example.js'] =","            local.assetsDict['/assets.example.js'] ||","            local.fs.readFileSync(__filename, 'utf8');","        // bug-workaround - long $npm_package_buildCustomOrg","        /* jslint-ignore-begin */","        local.assetsDict['/assets.npmtest_sails_generate_auth.rollup.js'] =","            local.assetsDict['/assets.npmtest_sails_generate_auth.rollup.js'] ||","            local.fs.readFileSync(","                local.npmtest_sails_generate_auth.__dirname + '/lib.npmtest_sails_generate_auth.js',","                'utf8'","            ).replace((/^#!/), '//');","        /* jslint-ignore-end */","        local.assetsDict['/favicon.ico'] = local.assetsDict['/favicon.ico'] || '';","        // if $npm_config_timeout_exit exists,","        // then exit this process after $npm_config_timeout_exit ms","        if (Number(process.env.npm_config_timeout_exit)) {","            setTimeout(process.exit, Number(process.env.npm_config_timeout_exit));","        }","        // start server","        if (local.global.utility2_serverHttp1) {","            break;","        }","        process.env.PORT = process.env.PORT || '8081';","        console.error('server starting on port ' + process.env.PORT);","        local.http.createServer(function (request, response) {","            request.urlParsed = local.url.parse(request.url);","            if (local.assetsDict[request.urlParsed.pathname] !== undefined) {","                response.end(local.assetsDict[request.urlParsed.pathname]);","                return;","            }","            response.statusCode = 404;","            response.end();","        }).listen(process.env.PORT);","        break;","    }","}());",""],"l":{"26":2,"28":2,"33":2,"35":2,"37":2,"38":2,"39":2,"44":1,"51":2,"55":2,"59":2,"61":2,"69":1,"70":2,"76":2,"79":2,"82":2,"83":2,"85":1,"89":2,"92":1,"93":1,"94":1,"96":1,"97":1,"100":1,"101":1,"103":1,"106":1,"108":2,"114":1,"116":1,"118":1,"123":1,"124":2,"125":2,"126":3,"127":3,"128":3,"129":3,"130":1,"133":3,"134":3,"139":3,"143":1,"144":3,"145":1,"149":1,"150":1,"158":1,"160":1,"161":1,"162":1,"164":1,"166":1,"258":1,"259":1,"271":1,"274":6,"275":6,"277":1,"279":2,"281":1,"283":2,"288":1,"289":1,"291":1,"296":1,"303":1,"306":1,"307":1,"310":1,"311":1,"313":1,"314":1,"315":1,"316":1,"317":1,"318":1,"319":1,"321":1,"322":1,"324":1}},"/home/travis/build/npmtest/node-npmtest-sails-generate-auth/node_modules/sails-generate-auth/lib/index.js":{"path":"/home/travis/build/npmtest/node-npmtest-sails-generate-auth/node_modules/sails-generate-auth/lib/index.js","s":{"1":1,"2":0,"3":0},"b":{},"f":{"1":0},"fnMap":{"1":{"name":"(anonymous_1)","line":17,"loc":{"start":{"line":17,"column":12},"end":{"line":17,"column":33}}}},"statementMap":{"1":{"start":{"line":9,"column":0},"end":{"line":58,"column":2}},"2":{"start":{"line":18,"column":8},"end":{"line":18,"column":89}},"3":{"start":{"line":19,"column":8},"end":{"line":19,"column":13}}},"branchMap":{},"code":["/**"," * sails-generate-auth"," *"," * Usage:"," * `sails generate auth`"," *"," * @type {Object}"," */","module.exports = {","","  templatesDirectory: require('path').resolve(__dirname,'../templates'),","","  before: require('./before'),","","  targets: {","    './': {","      exec: function (scope, cb) {","        console.log('Running generator (sails-generate-auth) @ `'+scope.rootPath+'`...');","        cb();","      }","    },","","    // Authentication controller","    './api/controllers/AuthController.js': { template: 'api/controllers/AuthController.js' },","","    // User model","    './api/models/User.js': { template: 'api/models/User.js' },","","    // Passport model","    './api/models/Passport.js': { template: 'api/models/Passport.js' },","","    // Passport middleware","    './api/policies/passport.js': { template: 'api/policies/passport.js' },","","    // Bearer Authentication Policy","    './api/policies/bearerAuth.js': { template: 'api/policies/bearerAuth.js' },","","    // Passport wrapper","    './api/services/passport.js': { template: 'api/services/passport.js' },","","    // Authentication protocols","    './api/services/protocols': { folder: {} },","    './api/services/protocols/index.js': { template: 'api/services/protocols/index.js' },","    './api/services/protocols/local.js': { template: 'api/services/protocols/local.js' },","    './api/services/protocols/oauth.js': { template: 'api/services/protocols/oauth.js' },","    './api/services/protocols/oauth2.js': { template: 'api/services/protocols/oauth2.js' },","    './api/services/protocols/openid.js': { template: 'api/services/protocols/openid.js' },","    './api/services/protocols/bearer.js': { template: 'api/services/protocols/bearer.js' },","    './api/services/protocols/cas.js': { template: 'api/services/protocols/cas.js' },","","    // Passport configuration","    './config/passport.js': { template: 'config/passport.js' },","","    // Authentication views","    './views/auth/login.ejs': { copy: 'views/auth/login.ejs' },","    './views/auth/register.ejs': { copy: 'views/auth/register.ejs' }","  }","};",""],"l":{"9":1,"18":0,"19":0}},"/home/travis/build/npmtest/node-npmtest-sails-generate-auth/node_modules/sails-generate-auth/lib/before.js":{"path":"/home/travis/build/npmtest/node-npmtest-sails-generate-auth/node_modules/sails-generate-auth/lib/before.js","s":{"1":1,"2":1,"3":1,"4":0,"5":0,"6":0,"7":0,"8":0,"9":0},"b":{"1":[0,0]},"f":{"1":0},"fnMap":{"1":{"name":"(anonymous_1)","line":22,"loc":{"start":{"line":22,"column":17},"end":{"line":22,"column":37}}}},"statementMap":{"1":{"start":{"line":5,"column":0},"end":{"line":6,"column":26}},"2":{"start":{"line":9,"column":0},"end":{"line":9,"column":39}},"3":{"start":{"line":22,"column":0},"end":{"line":78,"column":2}},"4":{"start":{"line":33,"column":2},"end":{"line":35,"column":5}},"5":{"start":{"line":44,"column":2},"end":{"line":49,"column":3}},"6":{"start":{"line":45,"column":4},"end":{"line":48,"column":7}},"7":{"start":{"line":57,"column":2},"end":{"line":59,"column":5}},"8":{"start":{"line":67,"column":2},"end":{"line":69,"column":5}},"9":{"start":{"line":77,"column":2},"end":{"line":77,"column":7}}},"branchMap":{"1":{"line":44,"type":"if","locations":[{"start":{"line":44,"column":2},"end":{"line":44,"column":2}},{"start":{"line":44,"column":2},"end":{"line":44,"column":2}}]}},"code":["/**"," * Module dependencies"," */","","var util = require('util')","  , _ = require('lodash');","","// Make _.defaults recursive","_.defaults = require('merge-defaults');","","","","","/**"," * This `before` function is run before generating targets."," * Validate, configure defaults, get extra dependencies, etc."," *"," * @param  {Object} scope"," * @param  {Function} cb    [callback]"," */","","module.exports = function(scope, cb) {","","  //","  // scope.args are the raw command line arguments.","  //","  // e.g. if you run:","  // sails generate controlller user find create update","  // then:","  // scope.args = ['user', 'find', 'create', 'update']","  //","","  _.defaults(scope, {","    // foo: scope.args[0]","  });","","","","  //","  // Validate custom scope variables which","  // are required by this generator.","  //","","  if ( !scope.rootPath ) {","    return cb(new Error(","      'Missing scope variable: `rootPath`\\n' +","      'Please make sure it is specified and try again.'","    ));","  }","","","  //","  // Determine default values based on the","  // available scope.","  //","","  _.defaults(scope, {","    currentTime: new Date()","  });","","","","  //","  // Take multiple \"passes\" if necessary.","  //","","  _.defaults(scope, {","    rootPath: scope.rootPath","  });","","","","  //","  // Trigger callback with no error to proceed.","  //","","  cb();","};",""],"l":{"5":1,"9":1,"22":1,"33":0,"44":0,"45":0,"57":0,"67":0,"77":0}},"/home/travis/build/npmtest/node-npmtest-sails-generate-auth/node_modules/sails-generate-auth/templates/config/passport.js":{"path":"/home/travis/build/npmtest/node-npmtest-sails-generate-auth/node_modules/sails-generate-auth/templates/config/passport.js","s":{"1":2},"b":{},"f":{},"fnMap":{},"statementMap":{"1":{"start":{"line":17,"column":0},"end":{"line":77,"column":2}}},"branchMap":{},"code":["/**"," * Passport configuration"," *"," * This is the configuration for your Passport.js setup and where you"," * define the authentication strategies you want your application to employ."," *"," * I have tested the service with all of the providers listed below - if you"," * come across a provider that for some reason doesn't work, feel free to open"," * an issue on GitHub."," *"," * Also, authentication scopes can be set through the `scope` property."," *"," * For more information on the available providers, check out:"," * http://passportjs.org/guide/providers/"," */","","module.exports.passport = {","  local: {","    strategy: require('passport-local').Strategy","  },","","  bearer: {","    strategy: require('passport-http-bearer').Strategy","  },","","  twitter: {","    name: 'Twitter',","    protocol: 'oauth',","    strategy: require('passport-twitter').Strategy,","    options: {","      consumerKey: 'your-consumer-key',","      consumerSecret: 'your-consumer-secret'","    }","  },","","  github: {","    name: 'GitHub',","    protocol: 'oauth2',","    strategy: require('passport-github').Strategy,","    options: {","      clientID: 'your-client-id',","      clientSecret: 'your-client-secret'","    }","  },","","  facebook: {","    name: 'Facebook',","    protocol: 'oauth2',","    strategy: require('passport-facebook').Strategy,","    options: {","      clientID: 'your-client-id',","      clientSecret: 'your-client-secret',","      scope: ['email'] /* email is necessary for login behavior */","    }","  },","","  google: {","    name: 'Google',","    protocol: 'oauth2',","    strategy: require('passport-google-oauth').OAuth2Strategy,","    options: {","      clientID: 'your-client-id',","      clientSecret: 'your-client-secret'","    }","  },","","  cas: {","    name: 'CAS',","    protocol: 'cas',","    strategy: require('passport-cas').Strategy,","    options: {","      ssoBaseURL: 'http://your-cas-url',","      serverBaseURL: 'http://localhost:1337',","      serviceURL: 'http://localhost:1337/auth/cas/callback'","    }","  }","};",""],"l":{"17":2}},"/home/travis/build/npmtest/node-npmtest-sails-generate-auth/node_modules/sails-generate-auth/templates/api/controllers/AuthController.js":{"path":"/home/travis/build/npmtest/node-npmtest-sails-generate-auth/node_modules/sails-generate-auth/templates/api/controllers/AuthController.js","s":{"1":1,"2":0,"3":0,"4":0,"5":0,"6":0,"7":0,"8":0,"9":0,"10":0,"11":0,"12":0,"13":1,"14":0,"15":0,"16":0,"17":0,"18":0,"19":0,"20":0,"21":0,"22":0,"23":0,"24":0,"25":0,"26":0,"27":0,"28":0,"29":0,"30":0,"31":0,"32":0,"33":0,"34":0,"35":0,"36":1},"b":{"1":[0,0],"2":[0,0],"3":[0,0],"4":[0,0],"5":[0,0,0],"6":[0,0],"7":[0,0],"8":[0,0]},"f":{"1":0,"2":0,"3":0,"4":0,"5":0,"6":0,"7":0,"8":0,"9":0,"10":0},"fnMap":{"1":{"name":"(anonymous_1)","line":33,"loc":{"start":{"line":33,"column":9},"end":{"line":33,"column":29}}},"2":{"name":"(anonymous_2)","line":38,"loc":{"start":{"line":38,"column":36},"end":{"line":38,"column":51}}},"3":{"name":"(anonymous_3)","line":70,"loc":{"start":{"line":70,"column":10},"end":{"line":70,"column":30}}},"4":{"name":"(anonymous_4)","line":94,"loc":{"start":{"line":94,"column":12},"end":{"line":94,"column":32}}},"5":{"name":"(anonymous_5)","line":106,"loc":{"start":{"line":106,"column":12},"end":{"line":106,"column":32}}},"6":{"name":"(anonymous_6)","line":126,"loc":{"start":{"line":126,"column":12},"end":{"line":126,"column":32}}},"7":{"name":"tryAgain","line":127,"loc":{"start":{"line":127,"column":4},"end":{"line":127,"column":28}}},"8":{"name":"(anonymous_8)","line":158,"loc":{"start":{"line":158,"column":32},"end":{"line":158,"column":75}}},"9":{"name":"(anonymous_9)","line":163,"loc":{"start":{"line":163,"column":22},"end":{"line":163,"column":37}}},"10":{"name":"(anonymous_10)","line":184,"loc":{"start":{"line":184,"column":14},"end":{"line":184,"column":34}}}},"statementMap":{"1":{"start":{"line":8,"column":0},"end":{"line":187,"column":2}},"2":{"start":{"line":34,"column":4},"end":{"line":35,"column":24}},"3":{"start":{"line":38,"column":4},"end":{"line":47,"column":7}},"4":{"start":{"line":39,"column":6},"end":{"line":41,"column":7}},"5":{"start":{"line":40,"column":8},"end":{"line":40,"column":15}},"6":{"start":{"line":43,"column":6},"end":{"line":46,"column":8}},"7":{"start":{"line":50,"column":4},"end":{"line":53,"column":7}},"8":{"start":{"line":71,"column":4},"end":{"line":71,"column":17}},"9":{"start":{"line":74,"column":4},"end":{"line":74,"column":38}},"10":{"start":{"line":76,"column":4},"end":{"line":76,"column":22}},"11":{"start":{"line":95,"column":4},"end":{"line":97,"column":7}},"12":{"start":{"line":107,"column":4},"end":{"line":107,"column":32}},"13":{"start":{"line":127,"column":4},"end":{"line":156,"column":5}},"14":{"start":{"line":132,"column":6},"end":{"line":132,"column":45}},"15":{"start":{"line":134,"column":6},"end":{"line":138,"column":7}},"16":{"start":{"line":135,"column":8},"end":{"line":135,"column":53}},"17":{"start":{"line":136,"column":13},"end":{"line":138,"column":7}},"18":{"start":{"line":137,"column":8},"end":{"line":137,"column":39}},"19":{"start":{"line":139,"column":6},"end":{"line":139,"column":34}},"20":{"start":{"line":144,"column":6},"end":{"line":144,"column":39}},"21":{"start":{"line":146,"column":6},"end":{"line":155,"column":7}},"22":{"start":{"line":148,"column":10},"end":{"line":148,"column":36}},"23":{"start":{"line":149,"column":10},"end":{"line":149,"column":16}},"24":{"start":{"line":151,"column":10},"end":{"line":151,"column":31}},"25":{"start":{"line":152,"column":10},"end":{"line":152,"column":16}},"26":{"start":{"line":154,"column":10},"end":{"line":154,"column":33}},"27":{"start":{"line":158,"column":4},"end":{"line":175,"column":7}},"28":{"start":{"line":159,"column":6},"end":{"line":161,"column":7}},"29":{"start":{"line":160,"column":8},"end":{"line":160,"column":36}},"30":{"start":{"line":163,"column":6},"end":{"line":174,"column":9}},"31":{"start":{"line":164,"column":8},"end":{"line":166,"column":9}},"32":{"start":{"line":165,"column":10},"end":{"line":165,"column":31}},"33":{"start":{"line":169,"column":8},"end":{"line":169,"column":40}},"34":{"start":{"line":173,"column":8},"end":{"line":173,"column":26}},"35":{"start":{"line":185,"column":4},"end":{"line":185,"column":34}},"36":{"start":{"line":189,"column":0},"end":{"line":189,"column":32}}},"branchMap":{"1":{"line":39,"type":"if","locations":[{"start":{"line":39,"column":6},"end":{"line":39,"column":6}},{"start":{"line":39,"column":6},"end":{"line":39,"column":6}}]},"2":{"line":134,"type":"if","locations":[{"start":{"line":134,"column":6},"end":{"line":134,"column":6}},{"start":{"line":134,"column":6},"end":{"line":134,"column":6}}]},"3":{"line":134,"type":"binary-expr","locations":[{"start":{"line":134,"column":10},"end":{"line":134,"column":13}},{"start":{"line":134,"column":17},"end":{"line":134,"column":28}}]},"4":{"line":136,"type":"if","locations":[{"start":{"line":136,"column":13},"end":{"line":136,"column":13}},{"start":{"line":136,"column":13},"end":{"line":136,"column":13}}]},"5":{"line":146,"type":"switch","locations":[{"start":{"line":147,"column":8},"end":{"line":149,"column":16}},{"start":{"line":150,"column":8},"end":{"line":152,"column":16}},{"start":{"line":153,"column":8},"end":{"line":154,"column":33}}]},"6":{"line":159,"type":"if","locations":[{"start":{"line":159,"column":6},"end":{"line":159,"column":6}},{"start":{"line":159,"column":6},"end":{"line":159,"column":6}}]},"7":{"line":159,"type":"binary-expr","locations":[{"start":{"line":159,"column":10},"end":{"line":159,"column":13}},{"start":{"line":159,"column":17},"end":{"line":159,"column":22}}]},"8":{"line":164,"type":"if","locations":[{"start":{"line":164,"column":8},"end":{"line":164,"column":8}},{"start":{"line":164,"column":8},"end":{"line":164,"column":8}}]}},"code":["/**"," * Authentication Controller"," *"," * This is merely meant as an example of how your Authentication controller"," * should look. It currently includes the minimum amount of functionality for"," * the basics of Passport.js to work."," */","var AuthController = {","  /**","   * Render the login page","   *","   * The login form itself is just a simple HTML form:","   *","      <form role=\"form\" action=\"/auth/local\" method=\"post\">","        <input type=\"text\" name=\"identifier\" placeholder=\"Username or Email\">","        <input type=\"password\" name=\"password\" placeholder=\"Password\">","        <button type=\"submit\">Sign in</button>","      </form>","   *","   * You could optionally add CSRF-protection as outlined in the documentation:","   * http://sailsjs.org/#!documentation/config.csrf","   *","   * A simple example of automatically listing all available providers in a","   * Handlebars template would look like this:","   *","      {{#each providers}}","        <a href=\"/auth/{{slug}}\" role=\"button\">{{name}}</a>","      {{/each}}","   *","   * @param {Object} req","   * @param {Object} res","   */","  login: function (req, res) {","    var strategies = sails.config.passport","      , providers  = {};","","    // Get a list of available providers for use in your templates.","    Object.keys(strategies).forEach(function (key) {","      if (key === 'local') {","        return;","      }","","      providers[key] = {","        name: strategies[key].name","      , slug: key","      };","    });","","    // Render the `auth/login.ext` view","    res.view({","      providers : providers","    , errors    : req.flash('error')","    });","  },","","  /**","   * Log out a user and return them to the homepage","   *","   * Passport exposes a logout() function on req (also aliased as logOut()) that","   * can be called from any route handler which needs to terminate a login","   * session. Invoking logout() will remove the req.user property and clear the","   * login session (if any).","   *","   * For more information on logging out users in Passport.js, check out:","   * http://passportjs.org/guide/logout/","   *","   * @param {Object} req","   * @param {Object} res","   */","  logout: function (req, res) {","    req.logout();","    ","    // mark the user as logged out for auth purposes","    req.session.authenticated = false;","    ","    res.redirect('/');","  },","","  /**","   * Render the registration page","   *","   * Just like the login form, the registration form is just simple HTML:","   *","      <form role=\"form\" action=\"/auth/local/register\" method=\"post\">","        <input type=\"text\" name=\"username\" placeholder=\"Username\">","        <input type=\"text\" name=\"email\" placeholder=\"Email\">","        <input type=\"password\" name=\"password\" placeholder=\"Password\">","        <button type=\"submit\">Sign up</button>","      </form>","   *","   * @param {Object} req","   * @param {Object} res","   */","  register: function (req, res) {","    res.view({","      errors: req.flash('error')","    });","  },","","  /**","   * Create a third-party authentication endpoint","   *","   * @param {Object} req","   * @param {Object} res","   */","  provider: function (req, res) {","    passport.endpoint(req, res);","  },","","  /**","   * Create a authentication callback endpoint","   *","   * This endpoint handles everything related to creating and verifying Pass-","   * ports and users, both locally and from third-aprty providers.","   *","   * Passport exposes a login() function on req (also aliased as logIn()) that","   * can be used to establish a login session. When the login operation","   * completes, user will be assigned to req.user.","   *","   * For more information on logging in users in Passport.js, check out:","   * http://passportjs.org/guide/login/","   *","   * @param {Object} req","   * @param {Object} res","   */","  callback: function (req, res) {","    function tryAgain (err) {","","      // Only certain error messages are returned via req.flash('error', someError)","      // because we shouldn't expose internal authorization errors to the user.","      // We do return a generic error and the original request body.","      var flashError = req.flash('error')[0];","","      if (err && !flashError ) {","        req.flash('error', 'Error.Passport.Generic');","      } else if (flashError) {","        req.flash('error', flashError);","      }","      req.flash('form', req.body);","","      // If an error was thrown, redirect the user to the","      // login, register or disconnect action initiator view.","      // These views should take care of rendering the error messages.","      var action = req.param('action');","","      switch (action) {","        case 'register':","          res.redirect('/register');","          break;","        case 'disconnect':","          res.redirect('back');","          break;","        default:","          res.redirect('/login');","      }","    }","","    passport.callback(req, res, function (err, user, challenges, statuses) {","      if (err || !user) {","        return tryAgain(challenges);","      }","","      req.login(user, function (err) {","        if (err) {","          return tryAgain(err);","        }","        ","        // Mark the session as authenticated to work with default Sails sessionAuth.js policy","        req.session.authenticated = true","        ","        // Upon successful login, send the user to the homepage were req.user","        // will be available.","        res.redirect('/');","      });","    });","  },","","  /**","   * Disconnect a passport from a user","   *","   * @param {Object} req","   * @param {Object} res","   */","  disconnect: function (req, res) {","    passport.disconnect(req, res);","  }","};","","module.exports = AuthController;",""],"l":{"8":1,"34":0,"38":0,"39":0,"40":0,"43":0,"50":0,"71":0,"74":0,"76":0,"95":0,"107":0,"127":1,"132":0,"134":0,"135":0,"136":0,"137":0,"139":0,"144":0,"146":0,"148":0,"149":0,"151":0,"152":0,"154":0,"158":0,"159":0,"160":0,"163":0,"164":0,"165":0,"169":0,"173":0,"185":0,"189":1}},"/home/travis/build/npmtest/node-npmtest-sails-generate-auth/node_modules/sails-generate-auth/templates/api/models/Passport.js":{"path":"/home/travis/build/npmtest/node-npmtest-sails-generate-auth/node_modules/sails-generate-auth/templates/api/models/Passport.js","s":{"1":2,"2":1,"3":0,"4":0,"5":0,"6":0,"7":0,"8":0,"9":0,"10":0,"11":0,"12":0},"b":{"1":[0,0]},"f":{"1":0,"2":0,"3":0,"4":0,"5":0},"fnMap":{"1":{"name":"hashPassword","line":9,"loc":{"start":{"line":9,"column":0},"end":{"line":9,"column":39}}},"2":{"name":"(anonymous_2)","line":11,"loc":{"start":{"line":11,"column":39},"end":{"line":11,"column":60}}},"3":{"name":"(anonymous_3)","line":84,"loc":{"start":{"line":84,"column":22},"end":{"line":84,"column":48}}},"4":{"name":"(anonymous_4)","line":96,"loc":{"start":{"line":96,"column":16},"end":{"line":96,"column":42}}},"5":{"name":"(anonymous_5)","line":106,"loc":{"start":{"line":106,"column":16},"end":{"line":106,"column":42}}}},"statementMap":{"1":{"start":{"line":1,"column":0},"end":{"line":1,"column":33}},"2":{"start":{"line":9,"column":0},"end":{"line":18,"column":1}},"3":{"start":{"line":10,"column":2},"end":{"line":17,"column":3}},"4":{"start":{"line":11,"column":4},"end":{"line":14,"column":7}},"5":{"start":{"line":12,"column":6},"end":{"line":12,"column":31}},"6":{"start":{"line":13,"column":6},"end":{"line":13,"column":26}},"7":{"start":{"line":16,"column":4},"end":{"line":16,"column":25}},"8":{"start":{"line":34,"column":0},"end":{"line":109,"column":2}},"9":{"start":{"line":85,"column":6},"end":{"line":85,"column":52}},"10":{"start":{"line":97,"column":4},"end":{"line":97,"column":33}},"11":{"start":{"line":107,"column":4},"end":{"line":107,"column":33}},"12":{"start":{"line":111,"column":0},"end":{"line":111,"column":26}}},"branchMap":{"1":{"line":10,"type":"if","locations":[{"start":{"line":10,"column":2},"end":{"line":10,"column":2}},{"start":{"line":10,"column":2},"end":{"line":10,"column":2}}]}},"code":["var bcrypt = require('bcryptjs');","","/**"," * Hash a passport password."," *"," * @param {Object}   password"," * @param {Function} next"," */","function hashPassword (passport, next) {","  if (passport.password) {","    bcrypt.hash(passport.password, 10, function (err, hash) {","      passport.password = hash;","      next(err, passport);","    });","  } else {","    next(null, passport);","  }","}","","/**"," * Passport Model"," *"," * The Passport model handles associating authenticators with users. An authen-"," * ticator can be either local (password) or third-party (provider). A single"," * user can have multiple passports, allowing them to connect and use several"," * third-party strategies in optional conjunction with a password."," *"," * Since an application will only need to authenticate a user once per session,"," * it makes sense to encapsulate the data specific to the authentication process"," * in a model of its own. This allows us to keep the session itself as light-"," * weight as possible as the application only needs to serialize and deserialize"," * the user, but not the authentication data, to and from the session."," */","var Passport = {","  attributes: {","    // Required field: Protocol","    //","    // Defines the protocol to use for the passport. When employing the local","    // strategy, the protocol will be set to 'local'. When using a third-party","    // strategy, the protocol will be set to the standard used by the third-","    // party service (e.g. 'oauth', 'oauth2', 'openid').","    protocol: { type: 'alphanumeric', required: true },","","    // Local fields: Password, Access Token","    //","    // When the local strategy is employed, a password will be used as the","    // means of authentication along with either a username or an email.","    //","    // accessToken is used to authenticate API requests. it is generated when a ","    // passport (with protocol 'local') is created for a user. ","    password    : { type: 'string', minLength: 8 },","    accessToken : { type: 'string' },","","    // Provider fields: Provider, identifer and tokens","    //","    // \"provider\" is the name of the third-party auth service in all lowercase","    // (e.g. 'github', 'facebook') whereas \"identifier\" is a provider-specific","    // key, typically an ID. These two fields are used as the main means of","    // identifying a passport and tying it to a local user.","    //","    // The \"tokens\" field is a JSON object used in the case of the OAuth stan-","    // dards. When using OAuth 1.0, a `token` as well as a `tokenSecret` will","    // be issued by the provider. In the case of OAuth 2.0, an `accessToken`","    // and a `refreshToken` will be issued.","    provider   : { type: 'alphanumericdashed' },","    identifier : { type: 'string' },","    tokens     : { type: 'json' },","","    // Associations","    //","    // Associate every passport with one, and only one, user. This requires an","    // adapter compatible with associations.","    //","    // For more information on associations in Waterline, check out:","    // https://github.com/balderdashy/waterline","    user: { model: 'User', required: true },","","    /**","     * Validate password used by the local strategy.","     *","     * @param {string}   password The password to validate","     * @param {Function} next","     */","    validatePassword: function (password, next) {","      bcrypt.compare(password, this.password, next);","    }","","  },","","  /**","   * Callback to be run before creating a Passport.","   *","   * @param {Object}   passport The soon-to-be-created Passport","   * @param {Function} next","   */","  beforeCreate: function (passport, next) {","    hashPassword(passport, next);","  },","","  /**","   * Callback to be run before updating a Passport.","   *","   * @param {Object}   passport Values to be updated","   * @param {Function} next","   */","  beforeUpdate: function (passport, next) {","    hashPassword(passport, next);","  }","};","","module.exports = Passport;",""],"l":{"1":2,"9":1,"10":0,"11":0,"12":0,"13":0,"16":0,"34":0,"85":0,"97":0,"107":0,"111":0}},"/home/travis/build/npmtest/node-npmtest-sails-generate-auth/node_modules/sails-generate-auth/templates/api/models/User.js":{"path":"/home/travis/build/npmtest/node-npmtest-sails-generate-auth/node_modules/sails-generate-auth/templates/api/models/User.js","s":{"1":1,"2":1},"b":{},"f":{},"fnMap":{},"statementMap":{"1":{"start":{"line":1,"column":0},"end":{"line":10,"column":2}},"2":{"start":{"line":12,"column":0},"end":{"line":12,"column":22}}},"branchMap":{},"code":["var User = {","  // Enforce model schema in the case of schemaless databases","  schema: true,","","  attributes: {","    username  : { type: 'string', unique: true },","    email     : { type: 'email',  unique: true },","    passports : { collection: 'Passport', via: 'user' }","  }","};","","module.exports = User;",""],"l":{"1":1,"12":1}},"/home/travis/build/npmtest/node-npmtest-sails-generate-auth/node_modules/sails-generate-auth/templates/api/policies/bearerAuth.js":{"path":"/home/travis/build/npmtest/node-npmtest-sails-generate-auth/node_modules/sails-generate-auth/templates/api/policies/bearerAuth.js","s":{"1":1,"2":0},"b":{},"f":{"1":0},"fnMap":{"1":{"name":"(anonymous_1)","line":15,"loc":{"start":{"line":15,"column":17},"end":{"line":15,"column":43}}}},"statementMap":{"1":{"start":{"line":15,"column":0},"end":{"line":19,"column":2}},"2":{"start":{"line":17,"column":2},"end":{"line":17,"column":77}}},"branchMap":{},"code":["/**"," * bearerAuth Policy"," * "," * Policy for authorizing API requests. The request is authenticated if the "," * it contains the accessToken in header, body or as a query param."," * Unlike other strategies bearer doesn't require a session."," * Add this policy (in config/policies.js) to controller actions which are not"," * accessed through a session. For example: API request from another client"," *"," * @param {Object}   req"," * @param {Object}   res"," * @param {Function} next"," */","","module.exports = function (req, res, next) {","","  return passport.authenticate('bearer', { session: false })(req, res, next);","  ","};",""],"l":{"15":1,"17":0}},"/home/travis/build/npmtest/node-npmtest-sails-generate-auth/node_modules/sails-generate-auth/templates/api/policies/passport.js":{"path":"/home/travis/build/npmtest/node-npmtest-sails-generate-auth/node_modules/sails-generate-auth/templates/api/policies/passport.js","s":{"1":1,"2":0,"3":0,"4":0,"5":0},"b":{},"f":{"1":0,"2":0,"3":0},"fnMap":{"1":{"name":"(anonymous_1)","line":24,"loc":{"start":{"line":24,"column":17},"end":{"line":24,"column":43}}},"2":{"name":"(anonymous_2)","line":26,"loc":{"start":{"line":26,"column":34},"end":{"line":26,"column":46}}},"3":{"name":"(anonymous_3)","line":28,"loc":{"start":{"line":28,"column":33},"end":{"line":28,"column":45}}}},"statementMap":{"1":{"start":{"line":24,"column":0},"end":{"line":35,"column":2}},"2":{"start":{"line":26,"column":2},"end":{"line":34,"column":5}},"3":{"start":{"line":28,"column":4},"end":{"line":33,"column":7}},"4":{"start":{"line":30,"column":6},"end":{"line":30,"column":33}},"5":{"start":{"line":32,"column":6},"end":{"line":32,"column":13}}},"branchMap":{},"code":["/**"," * Passport Middleware"," *"," * Policy for Sails that initializes Passport.js and as well as its built-in"," * session support."," *"," * In a typical web application, the credentials used to authenticate a user"," * will only be transmitted during the login request. If authentication"," * succeeds, a session will be established and maintained via a cookie set in"," * the user's browser."," *"," * Each subsequent request will not contain credentials, but rather the unique"," * cookie that identifies the session. In order to support login sessions,"," * Passport will serialize and deserialize user instances to and from the"," * session."," *"," * For more information on the Passport.js middleware, check out:"," * http://passportjs.org/guide/configure/"," *"," * @param {Object}   req"," * @param {Object}   res"," * @param {Function} next"," */","module.exports = function (req, res, next) {","  // Initialize Passport","  passport.initialize()(req, res, function () {","    // Use the built-in sessions","    passport.session()(req, res, function () {","      // Make the user available throughout the frontend","      res.locals.user = req.user;","","      next();","    });","  });","};",""],"l":{"24":1,"26":0,"28":0,"30":0,"32":0}}}